Error for referencia 5555555510, carrier Telcel, codigo TEL050, monto 50: Teléfono no valido, error: 1
#0 /home/gogl92/PhpstormProjects/taecel/tests/Unit/TaecelTest.php(40): Taecel\Taecel\Taecel->statusTxn()
#1 /home/gogl92/PhpstormProjects/taecel/vendor/phpunit/phpunit/src/Framework/TestCase.php(1617): Taecel\Taecel\Tests\Unit\TaecelTest->testMatrizDePruebas()
#2 /home/gogl92/PhpstormProjects/taecel/vendor/phpunit/phpunit/src/Framework/TestCase.php(1223): PHPUnit\Framework\TestCase->runTest()
#3 /home/gogl92/PhpstormProjects/taecel/vendor/phpunit/phpunit/src/Framework/TestResult.php(729): PHPUnit\Framework\TestCase->runBare()
#4 /home/gogl92/PhpstormProjects/taecel/vendor/phpunit/phpunit/src/Framework/TestCase.php(973): PHPUnit\Framework\TestResult->run()
#5 /home/gogl92/PhpstormProjects/taecel/vendor/phpunit/phpunit/src/Framework/TestSuite.php(685): PHPUnit\Framework\TestCase->run()
#6 /home/gogl92/PhpstormProjects/taecel/vendor/phpunit/phpunit/src/Framework/TestSuite.php(685): PHPUnit\Framework\TestSuite->run()
#7 /home/gogl92/PhpstormProjects/taecel/vendor/phpunit/phpunit/src/Framework/TestSuite.php(685): PHPUnit\Framework\TestSuite->run()
#8 /home/gogl92/PhpstormProjects/taecel/vendor/phpunit/phpunit/src/Framework/TestSuite.php(685): PHPUnit\Framework\TestSuite->run()
#9 /home/gogl92/PhpstormProjects/taecel/vendor/phpunit/phpunit/src/TextUI/TestRunner.php(651): PHPUnit\Framework\TestSuite->run()
#10 /home/gogl92/PhpstormProjects/taecel/vendor/phpunit/phpunit/src/TextUI/Command.php(146): PHPUnit\TextUI\TestRunner->run()
#11 /home/gogl92/PhpstormProjects/taecel/vendor/phpunit/phpunit/src/TextUI/Command.php(99): PHPUnit\TextUI\Command->run()
#12 /home/gogl92/PhpstormProjects/taecel/vendor/phpunit/phpunit/phpunit(107): PHPUnit\TextUI\Command::main()
#13 /home/gogl92/PhpstormProjects/taecel/vendor/bin/phpunit(122): include('...')
#14 {main}
Error for referencia 5555555520, carrier Telcel, codigo TEL150, monto 150: Servicio no disponible
#0 /home/gogl92/PhpstormProjects/taecel/tests/Unit/TaecelTest.php(40): Taecel\Taecel\Taecel->statusTxn()
#1 /home/gogl92/PhpstormProjects/taecel/vendor/phpunit/phpunit/src/Framework/TestCase.php(1617): Taecel\Taecel\Tests\Unit\TaecelTest->testMatrizDePruebas()
#2 /home/gogl92/PhpstormProjects/taecel/vendor/phpunit/phpunit/src/Framework/TestCase.php(1223): PHPUnit\Framework\TestCase->runTest()
#3 /home/gogl92/PhpstormProjects/taecel/vendor/phpunit/phpunit/src/Framework/TestResult.php(729): PHPUnit\Framework\TestCase->runBare()
#4 /home/gogl92/PhpstormProjects/taecel/vendor/phpunit/phpunit/src/Framework/TestCase.php(973): PHPUnit\Framework\TestResult->run()
#5 /home/gogl92/PhpstormProjects/taecel/vendor/phpunit/phpunit/src/Framework/TestSuite.php(685): PHPUnit\Framework\TestCase->run()
#6 /home/gogl92/PhpstormProjects/taecel/vendor/phpunit/phpunit/src/Framework/TestSuite.php(685): PHPUnit\Framework\TestSuite->run()
#7 /home/gogl92/PhpstormProjects/taecel/vendor/phpunit/phpunit/src/Framework/TestSuite.php(685): PHPUnit\Framework\TestSuite->run()
#8 /home/gogl92/PhpstormProjects/taecel/vendor/phpunit/phpunit/src/Framework/TestSuite.php(685): PHPUnit\Framework\TestSuite->run()
#9 /home/gogl92/PhpstormProjects/taecel/vendor/phpunit/phpunit/src/TextUI/TestRunner.php(651): PHPUnit\Framework\TestSuite->run()
#10 /home/gogl92/PhpstormProjects/taecel/vendor/phpunit/phpunit/src/TextUI/Command.php(146): PHPUnit\TextUI\TestRunner->run()
#11 /home/gogl92/PhpstormProjects/taecel/vendor/phpunit/phpunit/src/TextUI/Command.php(99): PHPUnit\TextUI\Command->run()
#12 /home/gogl92/PhpstormProjects/taecel/vendor/phpunit/phpunit/phpunit(107): PHPUnit\TextUI\Command::main()
#13 /home/gogl92/PhpstormProjects/taecel/vendor/bin/phpunit(122): include('...')
#14 {main}
Error for referencia 5555555540, carrier Movistar, codigo MOV050, monto 50: Monto Invalido, error: 3
#0 /home/gogl92/PhpstormProjects/taecel/tests/Unit/TaecelTest.php(40): Taecel\Taecel\Taecel->statusTxn()
#1 /home/gogl92/PhpstormProjects/taecel/vendor/phpunit/phpunit/src/Framework/TestCase.php(1617): Taecel\Taecel\Tests\Unit\TaecelTest->testMatrizDePruebas()
#2 /home/gogl92/PhpstormProjects/taecel/vendor/phpunit/phpunit/src/Framework/TestCase.php(1223): PHPUnit\Framework\TestCase->runTest()
#3 /home/gogl92/PhpstormProjects/taecel/vendor/phpunit/phpunit/src/Framework/TestResult.php(729): PHPUnit\Framework\TestCase->runBare()
#4 /home/gogl92/PhpstormProjects/taecel/vendor/phpunit/phpunit/src/Framework/TestCase.php(973): PHPUnit\Framework\TestResult->run()
#5 /home/gogl92/PhpstormProjects/taecel/vendor/phpunit/phpunit/src/Framework/TestSuite.php(685): PHPUnit\Framework\TestCase->run()
#6 /home/gogl92/PhpstormProjects/taecel/vendor/phpunit/phpunit/src/Framework/TestSuite.php(685): PHPUnit\Framework\TestSuite->run()
#7 /home/gogl92/PhpstormProjects/taecel/vendor/phpunit/phpunit/src/Framework/TestSuite.php(685): PHPUnit\Framework\TestSuite->run()
#8 /home/gogl92/PhpstormProjects/taecel/vendor/phpunit/phpunit/src/Framework/TestSuite.php(685): PHPUnit\Framework\TestSuite->run()
#9 /home/gogl92/PhpstormProjects/taecel/vendor/phpunit/phpunit/src/TextUI/TestRunner.php(651): PHPUnit\Framework\TestSuite->run()
#10 /home/gogl92/PhpstormProjects/taecel/vendor/phpunit/phpunit/src/TextUI/Command.php(146): PHPUnit\TextUI\TestRunner->run()
#11 /home/gogl92/PhpstormProjects/taecel/vendor/phpunit/phpunit/src/TextUI/Command.php(99): PHPUnit\TextUI\Command->run()
#12 /home/gogl92/PhpstormProjects/taecel/vendor/phpunit/phpunit/phpunit(107): PHPUnit\TextUI\Command::main()
#13 /home/gogl92/PhpstormProjects/taecel/vendor/bin/phpunit(122): include('...')
#14 {main}
