[2025-05-01 20:45:36] testing.INFO: 2025-05-01 14:45:30  
[2025-05-01 20:45:36] testing.INFO: 250500034072  
[2025-05-01 20:45:36] testing.INFO: 756648  
[2025-05-01 22:55:03] testing.INFO: {"success":true,"error":0,"message":"Consulta Exitosa","data":{"transID":"250500041824","fecha":"2025-05-01 16:55:03"},"extra":null}  
[2025-05-01 22:55:09] testing.INFO: {"success":true,"error":0,"message":"Transacci\u00f3n Exitosa","data":{"TransID":"250500041824","Fecha":"2025-05-01 16:55:03","Carrier":"Telcel","Telefono":"5555555505","Folio":"916581","Status":"Exitosa","Monto":"$10.00","Cargo":"$0.00","Abono":"$0.00","Via":"WS","Regi\u00f3n":"9","Timeout":"5.03","IP":"2806:2f0:a080:fb08:cc14:1de3:3f69:752b","Bolsa":"Tiempo Aire","Comision":"$3.00","Nota":"","pin":"","Saldo Final":"$734.90","logo":"https:\/\/cdn.taecel.com\/src\/app\/assets\/img\/carriers\/telcel.png"},"extra":null}  
[2025-05-01 22:55:09] testing.INFO: {"success":true,"error":0,"message":"Consulta Exitosa","data":{"transID":"250500041830","fecha":"2025-05-01 16:55:09"},"extra":null}  
[2025-05-01 22:55:20] testing.INFO: {"success":false,"error":"1","message":"Tel\u00e9fono no valido","data":{"TransID":"250500041830","Fecha":"2025-05-01 16:55:09","Carrier":"Telcel","Telefono":"5555555510","Folio":"","Status":"Fracasada ","Monto":"$50.00","Cargo":"$0.00","Abono":"$0.00","Via":"WS","Regi\u00f3n":"9","Timeout":"10.04","IP":"2806:2f0:a080:fb08:cc14:1de3:3f69:752b","Bolsa":"Tiempo Aire","Comision":"$3.00","Nota":"","pin":"","Saldo Final":"$734.90","logo":"https:\/\/cdn.taecel.com\/src\/app\/assets\/img\/carriers\/telcel.png"},"extra":null}  
[2025-05-01 22:55:20] testing.INFO: {"success":true,"error":0,"message":"Consulta Exitosa","data":{"transID":"250500041844","fecha":"2025-05-01 16:55:20"},"extra":null}  
[2025-05-01 22:55:36] testing.INFO: {"success":true,"error":0,"message":"Transacci\u00f3n Exitosa","data":{"TransID":"250500041844","Fecha":"2025-05-01 16:55:20","Carrier":"Telcel","Telefono":"5555555515","Folio":"760543","Status":"Exitosa","Monto":"$100.00","Cargo":"$0.00","Abono":"$0.00","Via":"WS","Regi\u00f3n":"9","Timeout":"15.02","IP":"2806:2f0:a080:fb08:cc14:1de3:3f69:752b","Bolsa":"Tiempo Aire","Comision":"$3.00","Nota":"","pin":"","Saldo Final":"$634.90","logo":"https:\/\/cdn.taecel.com\/src\/app\/assets\/img\/carriers\/telcel.png"},"extra":null}  
[2025-05-01 22:55:36] testing.INFO: {"success":true,"error":0,"message":"Consulta Exitosa","data":{"transID":"250500041857","fecha":"2025-05-01 16:55:36"},"extra":null}  
[2025-05-01 22:55:48] testing.INFO: :( 
Error intencional en formato de respuesta, se debe de ejecutar nuevamente el Método StatusTXN para Revisar el Status de la Transacción
 :/  
[2025-05-01 22:55:49] testing.INFO: {"success":true,"error":0,"message":"Consulta Exitosa","data":{"transID":"250500041866","fecha":"2025-05-01 16:55:49"},"extra":null}  
[2025-05-01 22:56:14] testing.INFO: {"success":true,"error":0,"message":"Transacci\u00f3n Exitosa","data":{"TransID":"250500041866","Fecha":"2025-05-01 16:55:49","Carrier":"Telcel","Telefono":"5555555525","Folio":"656809","Status":"Exitosa","Monto":"$200.00","Cargo":"$0.00","Abono":"$0.00","Via":"WS","Regi\u00f3n":"9","Timeout":"25.05","IP":"2806:2f0:a080:fb08:cc14:1de3:3f69:752b","Bolsa":"Tiempo Aire","Comision":"$3.00","Nota":"","pin":"","Saldo Final":"$284.90","logo":"https:\/\/cdn.taecel.com\/src\/app\/assets\/img\/carriers\/telcel.png"},"extra":null}  
[2025-05-01 22:56:15] testing.INFO: {"success":true,"error":0,"message":"Consulta Exitosa","data":{"transID":"250500041880","fecha":"2025-05-01 16:56:15"},"extra":null}  
[2025-05-01 22:56:45] testing.INFO: {"success":true,"error":0,"message":"Transacci\u00f3n Exitosa","data":{"TransID":"250500041880","Fecha":"2025-05-01 16:56:15","Carrier":"Movistar","Telefono":"5555555530","Folio":"541505","Status":"Exitosa","Monto":"$10.00","Cargo":"$0.00","Abono":"$0.00","Via":"WS","Regi\u00f3n":"9","Timeout":"30.03","IP":"2806:2f0:a080:fb08:cc14:1de3:3f69:752b","Bolsa":"Tiempo Aire","Comision":"$0.00","Nota":"","pin":"","Saldo Final":"$274.90","logo":"https:\/\/cdn.taecel.com\/src\/app\/assets\/img\/carriers\/movistar2.png"},"extra":null}  
[2025-05-01 22:56:46] testing.INFO: {"success":true,"error":0,"message":"Consulta Exitosa","data":{"transID":"250500041902","fecha":"2025-05-01 16:56:46"},"extra":null}  
[2025-05-01 22:57:26] testing.INFO: {"success":false,"error":"3","message":"Monto Invalido","data":{"TransID":"250500041902","Fecha":"2025-05-01 16:56:46","Carrier":"Movistar","Telefono":"5555555540","Folio":"","Status":"Fracasada ","Monto":"$50.00","Cargo":"$0.00","Abono":"$0.00","Via":"WS","Regi\u00f3n":"9","Timeout":"40.04","IP":"2806:2f0:a080:fb08:cc14:1de3:3f69:752b","Bolsa":"Tiempo Aire","Comision":"$0.00","Nota":"","pin":"","Saldo Final":"$274.90","logo":"https:\/\/cdn.taecel.com\/src\/app\/assets\/img\/carriers\/movistar2.png"},"extra":null}  
[2025-05-01 22:57:26] testing.INFO: {"success":true,"error":0,"message":"Consulta Exitosa","data":{"transID":"250500041939","fecha":"2025-05-01 16:57:26"},"extra":null}  
[2025-05-01 22:58:27] testing.INFO: {"success":true,"error":0,"message":"Transacci\u00f3n Exitosa","data":{"TransID":"250500041939","Fecha":"2025-05-01 16:57:26","Carrier":"Movistar","Telefono":"5555555560","Folio":"298837","Status":"Exitosa","Monto":"$100.00","Cargo":"$0.00","Abono":"$0.00","Via":"WS","Regi\u00f3n":"9","Timeout":"60.03","IP":"2806:2f0:a080:fb08:cc14:1de3:3f69:752b","Bolsa":"Tiempo Aire","Comision":"$0.00","Nota":"","pin":"","Saldo Final":"$174.90","logo":"https:\/\/cdn.taecel.com\/src\/app\/assets\/img\/carriers\/movistar2.png"},"extra":null}  
[2025-05-01 22:58:27] testing.INFO: {"success":true,"error":0,"message":"Consulta Exitosa","data":{"transID":"250500041988","fecha":"2025-05-01 16:58:27"},"extra":null}  
